#-----------------------------------------------------------
# Vivado v2017.4 (64-bit)
# SW Build 2086221 on Fri Dec 15 20:55:39 MST 2017
# IP Build 2085800 on Fri Dec 15 22:25:07 MST 2017
# Start of session at: Thu Jan  9 15:06:05 2025
# Process ID: 27260
# Current directory: C:/Users/Alessandro Paschen/Downloads/project_final_no_update_counter_when_close/project_final
# Command line: vivado.exe -gui_launcher_event rodinguilauncherevent24544 C:\Users\Alessandro Paschen\Downloads\project_final_no_update_counter_when_close\project_final\project_final.xpr
# Log file: C:/Users/Alessandro Paschen/Downloads/project_final_no_update_counter_when_close/project_final/vivado.log
# Journal file: C:/Users/Alessandro Paschen/Downloads/project_final_no_update_counter_when_close/project_final\vivado.jou
#-----------------------------------------------------------
start_gui
open_project {C:/Users/Alessandro Paschen/Downloads/project_final_no_update_counter_when_close/project_final/project_final.xpr}
INFO: [ProjectBase 1-489] The host OS only allows 260 characters in a normal path. The project is stored in a path with more than 80 characters. If you experience issues with IP, Block Designs, or files not being found, please consider moving the project to a location with a shorter path. Alternately consider using the OS subst command to map part of the path to a drive letter.
Current project path is 'C:/Users/Alessandro Paschen/Downloads/project_final_no_update_counter_when_close/project_final'
Scanning sources...
Finished scanning sources
INFO: [IP_Flow 19-234] Refreshing IP repositories
INFO: [IP_Flow 19-1704] No user IP repositories specified
INFO: [IP_Flow 19-2313] Loaded Vivado IP repository 'C:/Xilinx/Vivado/2017.4/data/ip'.
update_compile_order -fileset sources_1
exit
INFO: [Common 17-206] Exiting Vivado at Thu Jan  9 15:07:19 2025...
