Copyright 1986-2017 Xilinx, Inc. All Rights Reserved.
------------------------------------------------------------------------------------
| Tool Version : Vivado v.2017.4 (win64) Build 2086221 Fri Dec 15 20:55:39 MST 2017
| Date         : Fri Dec 20 15:16:31 2024
| Host         : MSI running 64-bit major release  (build 9200)
| Command      : report_control_sets -verbose -file Top_control_sets_placed.rpt
| Design       : Top
| Device       : xc7a35t
------------------------------------------------------------------------------------

Control Set Information

Table of Contents
-----------------
1. Summary
2. Flip-Flop Distribution
3. Detailed Control Set Information

1. Summary
----------

+----------------------------------------------------------+-------+
|                          Status                          | Count |
+----------------------------------------------------------+-------+
| Number of unique control sets                            |    61 |
| Unused register locations in slices containing registers |   137 |
+----------------------------------------------------------+-------+


2. Flip-Flop Distribution
-------------------------

+--------------+-----------------------+------------------------+-----------------+--------------+
| Clock Enable | Synchronous Set/Reset | Asynchronous Set/Reset | Total Registers | Total Slices |
+--------------+-----------------------+------------------------+-----------------+--------------+
| No           | No                    | No                     |             185 |           64 |
| No           | No                    | Yes                    |             157 |           49 |
| No           | Yes                   | No                     |             128 |           46 |
| Yes          | No                    | No                     |              51 |           17 |
| Yes          | No                    | Yes                    |             146 |           55 |
| Yes          | Yes                   | No                     |             388 |          117 |
+--------------+-----------------------+------------------------+-----------------+--------------+


3. Detailed Control Set Information
-----------------------------------

+--------------------------------------------------+--------------------------------------------------------------------------------------------------------------------------------+------------------------------------------------------------------------------------------+------------------+----------------+
|                   Clock Signal                   |                                                          Enable Signal                                                         |                                     Set/Reset Signal                                     | Slice Load Count | Bel Load Count |
+--------------------------------------------------+--------------------------------------------------------------------------------------------------------------------------------+------------------------------------------------------------------------------------------+------------------+----------------+
|  mode0/oo1/seconds_reg[5]                        |                                                                                                                                |                                                                                          |                1 |              1 |
|  mode0/reminder_led                              |                                                                                                                                |                                                                                          |                1 |              1 |
|  bluetooth0/clk_gen_i0/clk_core_i0/inst/clk_out1 |                                                                                                                                | bluetooth0/clk_gen_i0/rst_meta_reg                                                       |                1 |              2 |
|  bluetooth0/clk_gen_i0/clk_core_i0/inst/clk_out2 |                                                                                                                                | bluetooth0/clk_gen_i0/rst_meta_reg                                                       |                1 |              2 |
|  bluetooth0/clk_gen_i0/clk_core_i0/inst/clk_out1 |                                                                                                                                | bluetooth0/char_fifo_i0/U0/inst_fifo_gen/gconvfifo.rf/grf.rf/rstblk/syncstages_ff_reg[0] |                2 |              3 |
|  clk_IBUF_BUFG                                   | audio/last_mode[3]_i_2_n_0                                                                                                     | audio/last_mode[3]_i_1_n_0                                                               |                1 |              4 |
|  bluetooth0/clk_gen_i0/clk_core_i0/inst/clk_out1 | bluetooth0/cmd_parse_i0/send_resp_type[3]_i_1_n_0                                                                              | bluetooth0/rst_gen_i0/reset_bridge_clk_rx_i0/rst_clk_rx                                  |                2 |              4 |
|  bluetooth0/clk_gen_i0/clk_core_i0/inst/clk_out1 | bluetooth0/cmd_parse_i0/arg_cnt                                                                                                | bluetooth0/rst_gen_i0/reset_bridge_clk_rx_i0/rst_clk_rx                                  |                2 |              4 |
|  clk_IBUF_BUFG                                   | mode0/count_reg[3][0]                                                                                                          | clock0/SR[0]                                                                             |                2 |              4 |
|  bluetooth0/clk_gen_i0/clk_core_i0/inst/clk_out2 | bluetooth0/uart_tx_i0/uart_tx_ctl_i0/over_sample_cnt[3]_i_1_n_0                                                                | bluetooth0/rst_gen_i0/reset_bridge_clk_tx_i0/rst_clk_tx                                  |                1 |              4 |
|  bluetooth0/clk_gen_i0/clk_core_i0/inst/clk_out1 | bluetooth0/resp_gen_i0/char_cnt                                                                                                | bluetooth0/resp_gen_i0/char_cnt[4]_i_1_n_0                                               |                2 |              5 |
|  clk_IBUF_BUFG                                   | reminder0/hours                                                                                                                | mode0/AR[0]                                                                              |                1 |              5 |
|  bluetooth0/clk_gen_i0/clk_core_i0/inst/clk_out1 | bluetooth0/cmd_parse_i0/insertIndex[5]_i_2_n_0                                                                                 | bluetooth0/cmd_parse_i0/insertIndex[5]_i_1_n_0                                           |                2 |              5 |
|  clk_IBUF_BUFG                                   | clock0/hours[5]_i_1_n_0                                                                                                        | clock0/SR[0]                                                                             |                4 |              6 |
|  clk_IBUF_BUFG                                   | set_reminder0/hours[5]_i_1__0_n_0                                                                                              | clock0/SR[0]                                                                             |                4 |              6 |
|  clk_IBUF_BUFG                                   | mode0/seconds_reg[5][0]                                                                                                        | mode0/AR[0]                                                                              |                2 |              6 |
|  clk_IBUF_BUFG                                   | mode0/minutes_reg[5][0]                                                                                                        | mode0/AR[0]                                                                              |                2 |              6 |
|  bluetooth0/clk_gen_i0/clk_core_i0/inst/clk_out1 | bluetooth0/cmd_parse_i0/cur_cmd                                                                                                | bluetooth0/rst_gen_i0/reset_bridge_clk_rx_i0/rst_clk_rx                                  |                2 |              7 |
|  clk_IBUF_BUFG                                   | clean_mode_counter0/c1/seconds_reg[6]_i_1_n_0                                                                                  | clean_mode_counter0/c1/seconds[6]_i_3__1_n_0                                             |                4 |              7 |
|  clk_IBUF_BUFG                                   | clock0/minutes[6]_i_1_n_0                                                                                                      | clock0/SR[0]                                                                             |                3 |              7 |
|  clk_IBUF_BUFG                                   | set_reminder0/seconds[6]_i_1__0_n_0                                                                                            | clock0/SR[0]                                                                             |                3 |              7 |
|  clk_IBUF_BUFG                                   | set_reminder0/minutes[6]_i_1__0_n_0                                                                                            | clock0/SR[0]                                                                             |                5 |              7 |
|  clk_IBUF_BUFG                                   | mode0/seconds_reg[6][0]                                                                                                        | clock0/SR[0]                                                                             |                2 |              7 |
|  clk_IBUF_BUFG                                   | three_Counter0/c2/seconds_reg[6]_i_1__0_n_0                                                                                    | three_Counter0/c2/seconds[6]_i_3__2_n_0                                                  |                2 |              7 |
|  clk_IBUF_BUFG                                   | three_return_Counter0/c2/seconds_reg[6]_i_1__1_n_0                                                                             | three_return_Counter0/rst_signal_reg_inv_n_0                                             |                2 |              7 |
|  bluetooth0/clk_gen_i0/clk_core_i0/inst/clk_out2 | bluetooth0/char_fifo_i0/U0/inst_fifo_gen/gconvfifo.rf/grf.rf/gntv_or_sync_fifo.gl0.rd/gr1.gr1_int.rfwft/E[0]                   | bluetooth0/char_fifo_i0/U0/inst_fifo_gen/gconvfifo.rf/grf.rf/rstblk/SR[0]                |                2 |              8 |
|  clk_IBUF_BUFG                                   | d3/delay_cnt[19]_i_1__2_n_0                                                                                                    |                                                                                          |                2 |              8 |
|  clk_IBUF_BUFG                                   | d1/delay_cnt[19]_i_1__0_n_0                                                                                                    |                                                                                          |                3 |              8 |
|  clk_IBUF_BUFG                                   | d2/delay_cnt[19]_i_1__1_n_0                                                                                                    |                                                                                          |                2 |              8 |
|  clk_IBUF_BUFG                                   | d0/delay_cnt[19]_i_1_n_0                                                                                                       |                                                                                          |                2 |              8 |
|  clk_IBUF_BUFG                                   | d4/delay_cnt[19]_i_1__3_n_0                                                                                                    |                                                                                          |                2 |              8 |
|  bluetooth0/clk_gen_i0/clk_core_i0/inst/clk_out1 | bluetooth0/cmd_parse_i0/p_13_in                                                                                                | bluetooth0/rst_gen_i0/reset_bridge_clk_rx_i0/rst_clk_rx                                  |                5 |              8 |
|  bluetooth0/cmd_parse_i0/E[0]                    |                                                                                                                                |                                                                                          |                3 |              8 |
|  clk_IBUF_BUFG                                   | audio/isEnd8_out                                                                                                               |                                                                                          |                6 |             11 |
|  bluetooth0/clk_gen_i0/clk_core_i0/inst/clk_out2 |                                                                                                                                | bluetooth0/char_fifo_i0/U0/inst_fifo_gen/gconvfifo.rf/grf.rf/rstblk/SR[0]                |                3 |             11 |
|  clk_IBUF_BUFG                                   | d4/p_1_in                                                                                                                      | d4/delay_cnt[20]_i_1__3_n_0                                                              |                6 |             13 |
|  clk_IBUF_BUFG                                   | d3/p_1_in                                                                                                                      | d3/delay_cnt[20]_i_1__2_n_0                                                              |                6 |             13 |
|  clk_IBUF_BUFG                                   | d2/p_1_in                                                                                                                      | d2/delay_cnt[20]_i_1__1_n_0                                                              |                6 |             13 |
|  clk_IBUF_BUFG                                   | d1/p_1_in                                                                                                                      | d1/delay_cnt[20]_i_1__0_n_0                                                              |                6 |             13 |
|  clk_IBUF_BUFG                                   | d0/p_1_in                                                                                                                      | d0/delay_cnt[20]_i_1_n_0                                                                 |                6 |             13 |
|  show_number0/clk_500hz                          |                                                                                                                                | clock0/SR[0]                                                                             |                6 |             16 |
|  bluetooth0/clk_gen_i0/clk_core_i0/inst/clk_out2 |                                                                                                                                | bluetooth0/lb_ctl_i0/debouncer_i0/meta_harden_signal_in_i0/SR[0]                         |                5 |             18 |
|  bluetooth0/clk_gen_i0/clk_core_i0/inst/clk_out2 |                                                                                                                                | bluetooth0/rst_gen_i0/reset_bridge_clk_tx_i0/rst_clk_tx                                  |                6 |             19 |
|  bluetooth0/clk_gen_i0/clk_core_i0/inst/clk_out2 | bluetooth0/char_fifo_i0/U0/inst_fifo_gen/gconvfifo.rf/grf.rf/gntv_or_sync_fifo.gl0.rd/gr1.gr1_int.rfwft/gc0.count_d1_reg[9][0] | bluetooth0/char_fifo_i0/U0/inst_fifo_gen/gconvfifo.rf/grf.rf/rstblk/SR[0]                |                6 |             20 |
|  bluetooth0/clk_gen_i0/clk_core_i0/inst/clk_out1 | bluetooth0/char_fifo_i0/U0/inst_fifo_gen/gconvfifo.rf/grf.rf/gntv_or_sync_fifo.gl0.wr/gwas.wsts/E[0]                           | bluetooth0/char_fifo_i0/U0/inst_fifo_gen/gconvfifo.rf/grf.rf/rstblk/syncstages_ff_reg[0] |                7 |             30 |
|  clk_IBUF_BUFG                                   | mode0/timer_cnt                                                                                                                | mode0/timer_cnt_reg[31]                                                                  |                8 |             32 |
|  clk_IBUF_BUFG                                   | audio/clkPeriodCount                                                                                                           | audio/countForcurrentNote[0]_i_1_n_0                                                     |                8 |             32 |
|  clk_IBUF_BUFG                                   | audio/clkPeriodCount                                                                                                           | audio/clkPeriodCount[0]_i_1_n_0                                                          |                8 |             32 |
|  clk_IBUF_BUFG                                   |                                                                                                                                | three_return_Counter0/rst_signal_reg_inv_n_0                                             |                8 |             32 |
|  clk_IBUF_BUFG                                   |                                                                                                                                | clean_mode_counter0/c1/seconds[6]_i_3__1_n_0                                             |                8 |             32 |
|  clk_IBUF_BUFG                                   |                                                                                                                                | three_Counter0/c2/seconds[6]_i_3__2_n_0                                                  |                8 |             32 |
|  clk_IBUF_BUFG                                   | mode0/oo1/count[0]_i_1_n_0                                                                                                     | clock0/SR[0]                                                                             |                8 |             32 |
|  clk_IBUF_BUFG                                   | mode0/E[0]                                                                                                                     | clock0/SR[0]                                                                             |               11 |             32 |
|  clk_IBUF_BUFG                                   | gesture_control_on0/counter1                                                                                                   | clock0/SR[0]                                                                             |               12 |             32 |
|  clk_IBUF_BUFG                                   | gesture_control_off0/counter1                                                                                                  | clock0/SR[0]                                                                             |               10 |             32 |
|  clk_IBUF_BUFG                                   |                                                                                                                                | clock0/SR[0]                                                                             |               17 |             41 |
|  clk_IBUF_BUFG                                   |                                                                                                                                |                                                                                          |               23 |             44 |
|  bluetooth0/clk_gen_i0/clk_core_i0/inst/clk_out2 |                                                                                                                                |                                                                                          |               18 |             63 |
|  clk_IBUF_BUFG                                   | audio/index                                                                                                                    | audio/index[31]_i_1_n_0                                                                  |                9 |             64 |
|  bluetooth0/clk_gen_i0/clk_core_i0/inst/clk_out1 |                                                                                                                                |                                                                                          |               20 |             70 |
|  bluetooth0/clk_gen_i0/clk_core_i0/inst/clk_out1 |                                                                                                                                | bluetooth0/rst_gen_i0/reset_bridge_clk_rx_i0/rst_clk_rx                                  |               30 |             77 |
+--------------------------------------------------+--------------------------------------------------------------------------------------------------------------------------------+------------------------------------------------------------------------------------------+------------------+----------------+


+--------+-----------------------+
| Fanout | Number of ControlSets |
+--------+-----------------------+
| 1      |                     2 |
| 2      |                     2 |
| 3      |                     1 |
| 4      |                     5 |
| 5      |                     3 |
| 6      |                     4 |
| 7      |                     8 |
| 8      |                     8 |
| 11     |                     2 |
| 13     |                     5 |
| 16+    |                    21 |
+--------+-----------------------+


